Flow report for c4e6e10
Thu Jun  9 09:57:42 2022
Quartus Prime Version 21.1.0 Build 842 10/21/2021 SJ Lite Edition


---------------------
; Table of Contents ;
---------------------
  1. Legal Notice
  2. Flow Summary
  3. Flow Settings
  4. Flow Non-Default Global Settings
  5. Flow Elapsed Time
  6. Flow OS Summary
  7. Flow Log
  8. Flow Messages
  9. Flow Suppressed Messages



----------------
; Legal Notice ;
----------------
Copyright (C) 2021  Intel Corporation. All rights reserved.
Your use of Intel Corporation's design tools, logic functions 
and other software and tools, and any partner logic 
functions, and any output files from any of the foregoing 
(including device programming or simulation files), and any 
associated documentation or information are expressly subject 
to the terms and conditions of the Intel Program License 
Subscription Agreement, the Intel Quartus Prime License Agreement,
the Intel FPGA IP License Agreement, or other applicable license
agreement, including, without limitation, that your use is for
the sole purpose of programming logic devices manufactured by
Intel and sold by Intel or its authorized distributors.  Please
refer to the applicable agreement for further details, at
https://fpgasoftware.intel.com/eula.



+----------------------------------------------------------------------------------+
; Flow Summary                                                                     ;
+------------------------------------+---------------------------------------------+
; Flow Status                        ; Successful - Thu Jun  9 09:57:36 2022       ;
; Quartus Prime Version              ; 21.1.0 Build 842 10/21/2021 SJ Lite Edition ;
; Revision Name                      ; c4e6e10                                     ;
; Top-level Entity Name              ; c4e6e10                                     ;
; Family                             ; Cyclone IV E                                ;
; Device                             ; EP4CE10E22C8                                ;
; Timing Models                      ; Final                                       ;
; Total logic elements               ; 5,950 / 10,320 ( 58 % )                     ;
;     Total combinational functions  ; 5,523 / 10,320 ( 54 % )                     ;
;     Dedicated logic registers      ; 3,175 / 10,320 ( 31 % )                     ;
; Total registers                    ; 3175                                        ;
; Total pins                         ; 41 / 92 ( 45 % )                            ;
; Total virtual pins                 ; 0                                           ;
; Total memory bits                  ; 372,064 / 423,936 ( 88 % )                  ;
; Embedded Multiplier 9-bit elements ; 0 / 46 ( 0 % )                              ;
; Total PLLs                         ; 0 / 2 ( 0 % )                               ;
+------------------------------------+---------------------------------------------+


+-----------------------------------------+
; Flow Settings                           ;
+-------------------+---------------------+
; Option            ; Setting             ;
+-------------------+---------------------+
; Start date & time ; 06/09/2022 09:55:31 ;
; Main task         ; Compilation         ;
; Revision Name     ; c4e6e10             ;
+-------------------+---------------------+


+----------------------------------------------------------------------------------------------------+
; Flow Non-Default Global Settings                                                                   ;
+-----------------------+---------------------------------+---------------+-------------+------------+
; Assignment Name       ; Value                           ; Default Value ; Entity Name ; Section Id ;
+-----------------------+---------------------------------+---------------+-------------+------------+
; COMPILER_SIGNATURE_ID ; 119331719403172.165478653104035 ; --            ; --          ; --         ;
+-----------------------+---------------------------------+---------------+-------------+------------+


+--------------------------------------------------------------------------------------------------------------------------+
; Flow Elapsed Time                                                                                                        ;
+----------------------+--------------+-------------------------+---------------------+------------------------------------+
; Module Name          ; Elapsed Time ; Average Processors Used ; Peak Virtual Memory ; Total CPU Time (on all processors) ;
+----------------------+--------------+-------------------------+---------------------+------------------------------------+
; Analysis & Synthesis ; 00:01:22     ; 1.0                     ; 1483 MB             ; 00:01:40                           ;
; Fitter               ; 00:00:35     ; 1.1                     ; 802 MB              ; 00:00:45                           ;
; Assembler            ; 00:00:02     ; 1.0                     ; 380 MB              ; 00:00:01                           ;
; Timing Analyzer      ; 00:00:05     ; 1.3                     ; 540 MB              ; 00:00:06                           ;
; Total                ; 00:02:04     ; --                      ; --                  ; 00:02:32                           ;
+----------------------+--------------+-------------------------+---------------------+------------------------------------+


+-------------------------------------------------------------------------------------------+
; Flow OS Summary                                                                           ;
+----------------------+---------------------+----------------+------------+----------------+
; Module Name          ; Machine Hostname    ; OS Name        ; OS Version ; Processor type ;
+----------------------+---------------------+----------------+------------+----------------+
; Analysis & Synthesis ; alejo-ThinkPad-T430 ; Ubuntu 20.04.4 ; 20         ; x86_64         ;
; Fitter               ; alejo-ThinkPad-T430 ; Ubuntu 20.04.4 ; 20         ; x86_64         ;
; Assembler            ; alejo-ThinkPad-T430 ; Ubuntu 20.04.4 ; 20         ; x86_64         ;
; Timing Analyzer      ; alejo-ThinkPad-T430 ; Ubuntu 20.04.4 ; 20         ; x86_64         ;
+----------------------+---------------------+----------------+------------+----------------+


------------
; Flow Log ;
------------
quartus_map --read_settings_files=on --write_settings_files=off c4e6e10 -c c4e6e10
quartus_fit --read_settings_files=off --write_settings_files=off c4e6e10 -c c4e6e10
quartus_asm --read_settings_files=off --write_settings_files=off c4e6e10 -c c4e6e10
quartus_sta c4e6e10 -c c4e6e10



