Copyright 1986-2021 Xilinx, Inc. All Rights Reserved.
-----------------------------------------------------------------------------------------------------
| Tool Version : Vivado v.2021.2 (lin64) Build 3367213 Tue Oct 19 02:47:39 MDT 2021
| Date         : Sun Jun 19 19:35:56 2022
| Host         : alejo-ThinkPad-T430 running 64-bit Ubuntu 20.04.4 LTS
| Command      : report_utilization -hierarchical -file nexys4ddr_utilization_hierarchical_place.rpt
| Design       : nexys4ddr
| Device       : xc7a100tcsg324-1
| Speed File   : -1
| Design State : Fully Placed
-----------------------------------------------------------------------------------------------------

Utilization Design Information

Table of Contents
-----------------
1. Utilization by Hierarchy

1. Utilization by Hierarchy
---------------------------

+------------------------+-------------------+------------+------------+---------+------+------+--------+--------+------------+
|        Instance        |       Module      | Total LUTs | Logic LUTs | LUTRAMs | SRLs |  FFs | RAMB36 | RAMB18 | DSP Blocks |
+------------------------+-------------------+------------+------------+---------+------+------+--------+--------+------------+
| nexys4ddr              |             (top) |       3055 |       2955 |     100 |    0 | 2425 |     14 |      0 |          0 |
|   (nexys4ddr)          |             (top) |        619 |        607 |      12 |    0 | 1266 |     14 |      0 |          0 |
|   BloquePWM            |         BloquePWM |         30 |         30 |       0 |    0 |   32 |      0 |      0 |          0 |
|     DivisorF           |        DivFreqPWM |          5 |          5 |       0 |    0 |   14 |      0 |      0 |          0 |
|     MaquinaEstadosPWM1 | MaquinaEstadosPWM |          5 |          5 |       0 |    0 |    2 |      0 |      0 |          0 |
|     pwm1               |               PWM |         21 |         21 |       0 |    0 |   16 |      0 |      0 |          0 |
|   picorv32             |          picorv32 |       2406 |       2318 |      88 |    0 | 1127 |      0 |      0 |          0 |
|     (picorv32)         |          picorv32 |       1712 |       1624 |      88 |    0 |  672 |      0 |      0 |          0 |
|     pcpi_div           | picorv32_pcpi_div |        394 |        394 |       0 |    0 |  200 |      0 |      0 |          0 |
|     pcpi_mul           | picorv32_pcpi_mul |        300 |        300 |       0 |    0 |  255 |      0 |      0 |          0 |
+------------------------+-------------------+------------+------------+---------+------+------+--------+--------+------------+
* Note: The sum of lower-level cells may be larger than their parent cells total, due to cross-hierarchy LUT combining


