Copyright 1986-2021 Xilinx, Inc. All Rights Reserved.
----------------------------------------------------------------------------------------
| Tool Version     : Vivado v.2021.2 (lin64) Build 3367213 Tue Oct 19 02:47:39 MDT 2021
| Date             : Sun Jun 19 19:36:42 2022
| Host             : alejo-ThinkPad-T430 running 64-bit Ubuntu 20.04.4 LTS
| Command          : report_power -file nexys4ddr_power.rpt
| Design           : nexys4ddr
| Device           : xc7a100tcsg324-1
| Design State     : routed
| Grade            : commercial
| Process          : typical
| Characterization : Production
----------------------------------------------------------------------------------------

Power Report

Table of Contents
-----------------
1. Summary
1.1 On-Chip Components
1.2 Power Supply Summary
1.3 Confidence Level
2. Settings
2.1 Environment
2.2 Clock Constraints
3. Detailed Reports
3.1 By Hierarchy

1. Summary
----------

+--------------------------+----------------------------------+
| Total On-Chip Power (W)  | 21.016 (Junction temp exceeded!) |
| Design Power Budget (W)  | Unspecified*                     |
| Power Budget Margin (W)  | NA                               |
| Dynamic (W)              | 20.298                           |
| Device Static (W)        | 0.718                            |
| Effective TJA (C/W)      | 4.6                              |
| Max Ambient (C)          | 0.0                              |
| Junction Temperature (C) | 120.9                            |
| Confidence Level         | Low                              |
| Setting File             | ---                              |
| Simulation Activity File | ---                              |
| Design Nets Matched      | NA                               |
+--------------------------+----------------------------------+
* Specify Design Power Budget using, set_operating_conditions -design_power_budget <value in Watts>


1.1 On-Chip Components
----------------------

+--------------------------+-----------+----------+-----------+-----------------+
| On-Chip                  | Power (W) | Used     | Available | Utilization (%) |
+--------------------------+-----------+----------+-----------+-----------------+
| Slice Logic              |     4.904 |     6358 |       --- |             --- |
|   LUT as Logic           |     3.690 |     2955 |     63400 |            4.66 |
|   CARRY4                 |     0.727 |      335 |     15850 |            2.11 |
|   LUT as Distributed RAM |     0.241 |      100 |     19000 |            0.53 |
|   Register               |     0.240 |     2425 |    126800 |            1.91 |
|   BUFG                   |     0.006 |        1 |        32 |            3.13 |
|   Others                 |     0.000 |       14 |       --- |             --- |
|   F7/F8 Muxes            |     0.000 |        8 |     63400 |            0.01 |
| Signals                  |     5.451 |     4725 |       --- |             --- |
| Block RAM                |     1.762 |       14 |       135 |           10.37 |
| I/O                      |     8.180 |       48 |       210 |           22.86 |
| Static Power             |     0.718 |          |           |                 |
| Total                    |    21.016 |          |           |                 |
+--------------------------+-----------+----------+-----------+-----------------+


1.2 Power Supply Summary
------------------------

+-----------+-------------+-----------+-------------+------------+-------------+-------------+------------+
| Source    | Voltage (V) | Total (A) | Dynamic (A) | Static (A) | Powerup (A) | Budget (A)  | Margin (A) |
+-----------+-------------+-----------+-------------+------------+-------------+-------------+------------+
| Vccint    |       1.000 |    12.526 |      12.027 |      0.499 |       NA    | Unspecified | NA         |
| Vccaux    |       1.800 |     0.381 |       0.298 |      0.083 |       NA    | Unspecified | NA         |
| Vcco33    |       3.300 |     2.305 |       2.301 |      0.004 |       NA    | Unspecified | NA         |
| Vcco25    |       2.500 |     0.000 |       0.000 |      0.000 |       NA    | Unspecified | NA         |
| Vcco18    |       1.800 |     0.000 |       0.000 |      0.000 |       NA    | Unspecified | NA         |
| Vcco15    |       1.500 |     0.000 |       0.000 |      0.000 |       NA    | Unspecified | NA         |
| Vcco135   |       1.350 |     0.000 |       0.000 |      0.000 |       NA    | Unspecified | NA         |
| Vcco12    |       1.200 |     0.000 |       0.000 |      0.000 |       NA    | Unspecified | NA         |
| Vccaux_io |       1.800 |     0.000 |       0.000 |      0.000 |       NA    | Unspecified | NA         |
| Vccbram   |       1.000 |     0.162 |       0.143 |      0.019 |       NA    | Unspecified | NA         |
| MGTAVcc   |       1.000 |     0.000 |       0.000 |      0.000 |       NA    | Unspecified | NA         |
| MGTAVtt   |       1.200 |     0.000 |       0.000 |      0.000 |       NA    | Unspecified | NA         |
| Vccadc    |       1.800 |     0.020 |       0.000 |      0.020 |       NA    | Unspecified | NA         |
+-----------+-------------+-----------+-------------+------------+-------------+-------------+------------+


1.3 Confidence Level
--------------------

+-----------------------------+------------+--------------------------------------------------------+--------------------------------------------------------------------------------------------------------------------+
| User Input Data             | Confidence | Details                                                | Action                                                                                                             |
+-----------------------------+------------+--------------------------------------------------------+--------------------------------------------------------------------------------------------------------------------+
| Design implementation state | High       | Design is routed                                       |                                                                                                                    |
| Clock nodes activity        | Low        | User specified less than 75% of clocks                 | Provide missing clock activity with a constraint file, simulation results or by editing the "By Clock Domain" view |
| I/O nodes activity          | Low        | More than 75% of inputs are missing user specification | Provide missing input activity with simulation results or by editing the "By Resource Type -> I/Os" view           |
| Internal nodes activity     | Medium     | User specified less than 25% of internal nodes         | Provide missing internal nodes activity with simulation results or by editing the "By Resource Type" views         |
| Device models               | High       | Device models are Production                           |                                                                                                                    |
|                             |            |                                                        |                                                                                                                    |
| Overall confidence level    | Low        |                                                        |                                                                                                                    |
+-----------------------------+------------+--------------------------------------------------------+--------------------------------------------------------------------------------------------------------------------+


2. Settings
-----------

2.1 Environment
---------------

+-----------------------+--------------------------+
| Ambient Temp (C)      | 25.0                     |
| ThetaJA (C/W)         | 4.6                      |
| Airflow (LFM)         | 250                      |
| Heat Sink             | medium (Medium Profile)  |
| ThetaSA (C/W)         | 4.6                      |
| Board Selection       | medium (10"x10")         |
| # of Board Layers     | 12to15 (12 to 15 Layers) |
| Board Temperature (C) | 25.0                     |
+-----------------------+--------------------------+


2.2 Clock Constraints
---------------------

+-------+--------+-----------------+
| Clock | Domain | Constraint (ns) |
+-------+--------+-----------------+


3. Detailed Reports
-------------------

3.1 By Hierarchy
----------------

+-------------------------------+-----------+
| Name                          | Power (W) |
+-------------------------------+-----------+
| nexys4ddr                     |    20.298 |
|   BloquePWM                   |     0.097 |
|     DivisorF                  |     0.097 |
|   picorv32                    |     6.333 |
|     cpuregs_reg_r1_0_63_0_2   |     0.016 |
|     cpuregs_reg_r1_0_63_12_14 |     0.014 |
|     cpuregs_reg_r1_0_63_15_17 |     0.015 |
|     cpuregs_reg_r1_0_63_18_20 |     0.017 |
|     cpuregs_reg_r1_0_63_21_23 |     0.016 |
|     cpuregs_reg_r1_0_63_24_26 |     0.014 |
|     cpuregs_reg_r1_0_63_27_29 |     0.015 |
|     cpuregs_reg_r1_0_63_30_31 |     0.012 |
|     cpuregs_reg_r1_0_63_3_5   |     0.021 |
|     cpuregs_reg_r1_0_63_6_8   |     0.015 |
|     cpuregs_reg_r1_0_63_9_11  |     0.013 |
|     cpuregs_reg_r2_0_63_0_2   |     0.024 |
|     cpuregs_reg_r2_0_63_12_14 |     0.024 |
|     cpuregs_reg_r2_0_63_15_17 |     0.028 |
|     cpuregs_reg_r2_0_63_18_20 |     0.032 |
|     cpuregs_reg_r2_0_63_21_23 |     0.031 |
|     cpuregs_reg_r2_0_63_24_26 |     0.032 |
|     cpuregs_reg_r2_0_63_27_29 |     0.033 |
|     cpuregs_reg_r2_0_63_30_31 |     0.021 |
|     cpuregs_reg_r2_0_63_3_5   |     0.030 |
|     cpuregs_reg_r2_0_63_6_8   |     0.036 |
|     cpuregs_reg_r2_0_63_9_11  |     0.029 |
|     pcpi_div                  |     0.912 |
|     pcpi_mul                  |     0.485 |
+-------------------------------+-----------+


